phpinfo
php-info
phpdetails
php_details
information
phpinformation
php-information
phpinfo.php
php-info.php
php_info.php
pinfo.php
p-info.php
p_info.php
info.php
test.php
infophp.php
info_php.php
info-php.php
php.php
p.php
pop.php
peep.php
pip.php
i.php
z.php
help.php
information.php
phpinformation.php
PhPinfo.php
something.php
/misc/info.php
/misc/phpinfo.php
phpinfo/phpinfo.php
phpinfo/info.php
phpinfo/pinfo.php
phpinfo/php-info.php
phpinfo/php_info.php
phpinfo/php.php
phpinfo/phpdetails.php
phpinfo/php-details.php
phpinfo/php_details.php
php-info/phpinfo.php
php-info/info.php
php-info/pinfo.php
php-info/php-info.php
php-info/php_info.php
php-info/php.php
php-info/phpdetails.php
php-info/php-details.php
php-info/php_details.php
php_info/phpinfo.php
php_info/info.php
php_info/pinfo.php
php_info/php-info.php
php_info/php_info.php
php_info/php.php
php_info/phpdetails.php
php_info/php-details.php
php_info/php_details.php
