.php?acion=
.php?act=
.php?action=
.php?API_HOME_DIR=
.php?board=
.php?cat=
.php?client_id=
.php?cmd=
.php?cont=
.php?current_frame=
.php?date=
.php?detail=
.php?dir=
.php?display=
.php?download=
.php?f=
.php?file=
.php?fileinclude=
.php?filename=
.php?firm_id=
.php?g=
.php?getdata=
.php?go=
.php?HT=
.php?idd=
.php?inc=
.php?incfile=
.php?incl=
.php?include_file=
.php?include_path=
.php?infile=
.php?info=
.php?ir=
.php?lang=
.php?language=
.php?link=
.php?load=
.php?main=
.php?mainspot=
.php?msg=
.php?name=
.php?num=
.php?openfile=
.php?p=
.php?page=
.php?pageID=
.php?pagina=
.php?path=
.php?path_to_calendar=
.php?pg=
.php?plik
.php?qry_str=
.php?ruta=
.php?safehtml=
.php?section=
.php?showfile=
.php?side=
.php?site_id=
.php?skin=
.php?static=
.php?str=
.php?strona=
.php?sub=
.php?tresc=
.php?url=
.php?user=
